<?xml version="1.0" encoding="UTF-8"?>
<testng-results ignored="0" total="2" passed="1" failed="1" skipped="0">
  <reporter-output>
  </reporter-output>
  <suite started-at="2020-11-30T09:25:49 CET" name="Suite" finished-at="2020-11-30T09:26:06 CET" duration-ms="17736">
    <groups>
    </groups>
    <test started-at="2020-11-30T09:25:49 CET" name="Checkbox Demo" finished-at="2020-11-30T09:26:03 CET" duration-ms="13810">
      <class name="sEasyDemo.SE.CheckBoxDemoTest">
        <test-method is-config="true" signature="initialize()[pri:0, instance:sEasyDemo.SE.CheckBoxDemoTest@648c94da]" started-at="2020-11-30T09:25:49 CET" name="initialize" finished-at="2020-11-30T09:25:58 CET" duration-ms="9211" status="PASS">
          <reporter-output>
          </reporter-output>
        </test-method> <!-- initialize -->
        <test-method signature="clickCheckboxes()[pri:0, instance:sEasyDemo.SE.CheckBoxDemoTest@648c94da]" started-at="2020-11-30T09:25:58 CET" name="clickCheckboxes" finished-at="2020-11-30T09:26:01 CET" duration-ms="3421" status="FAIL">
          <exception class="java.lang.AssertionError">
            <message>
              <![CDATA[expected [Success - Check box is checkedl] but found [Success - Check box is checked]]]>
            </message>
            <full-stacktrace>
              <![CDATA[java.lang.AssertionError: expected [Success - Check box is checkedl] but found [Success - Check box is checked]
at org.testng.Assert.fail(Assert.java:97)
at org.testng.Assert.assertEqualsImpl(Assert.java:136)
at org.testng.Assert.assertEquals(Assert.java:118)
at org.testng.Assert.assertEquals(Assert.java:575)
at org.testng.Assert.assertEquals(Assert.java:585)
at sEasyDemo.SE.CheckBoxDemoTest.clickCheckboxes(CheckBoxDemoTest.java:54)
at java.base/jdk.internal.reflect.NativeMethodAccessorImpl.invoke0(Native Method)
at java.base/jdk.internal.reflect.NativeMethodAccessorImpl.invoke(NativeMethodAccessorImpl.java:62)
at java.base/jdk.internal.reflect.DelegatingMethodAccessorImpl.invoke(DelegatingMethodAccessorImpl.java:43)
at java.base/java.lang.reflect.Method.invoke(Method.java:564)
at org.testng.internal.MethodInvocationHelper.invokeMethod(MethodInvocationHelper.java:135)
at org.testng.internal.TestInvoker.invokeMethod(TestInvoker.java:598)
at org.testng.internal.TestInvoker.invokeTestMethod(TestInvoker.java:174)
at org.testng.internal.MethodRunner.runInSequence(MethodRunner.java:46)
at org.testng.internal.TestInvoker$MethodInvocationAgent.invoke(TestInvoker.java:821)
at org.testng.internal.TestInvoker.invokeTestMethods(TestInvoker.java:147)
at org.testng.internal.TestMethodWorker.invokeTestMethods(TestMethodWorker.java:146)
at org.testng.internal.TestMethodWorker.run(TestMethodWorker.java:128)
at java.base/java.util.ArrayList.forEach(ArrayList.java:1510)
at org.testng.TestRunner.privateRun(TestRunner.java:767)
at org.testng.TestRunner.run(TestRunner.java:588)
at org.testng.SuiteRunner.runTest(SuiteRunner.java:384)
at org.testng.SuiteRunner.access$000(SuiteRunner.java:28)
at org.testng.SuiteRunner$SuiteWorker.run(SuiteRunner.java:425)
at org.testng.internal.thread.ThreadUtil.lambda$execute$0(ThreadUtil.java:68)
at java.base/java.util.concurrent.FutureTask.run(FutureTask.java:264)
at java.base/java.util.concurrent.ThreadPoolExecutor.runWorker(ThreadPoolExecutor.java:1130)
at java.base/java.util.concurrent.ThreadPoolExecutor$Worker.run(ThreadPoolExecutor.java:630)
at java.base/java.lang.Thread.run(Thread.java:832)
]]>
            </full-stacktrace>
          </exception> <!-- java.lang.AssertionError -->
          <reporter-output>
          </reporter-output>
        </test-method> <!-- clickCheckboxes -->
        <test-method is-config="true" signature="tearDown()[pri:0, instance:sEasyDemo.SE.CheckBoxDemoTest@648c94da]" started-at="2020-11-30T09:26:02 CET" name="tearDown" finished-at="2020-11-30T09:26:03 CET" duration-ms="633" status="PASS">
          <reporter-output>
          </reporter-output>
        </test-method> <!-- tearDown -->
      </class> <!-- sEasyDemo.SE.CheckBoxDemoTest -->
    </test> <!-- Checkbox Demo -->
    <test started-at="2020-11-30T09:25:49 CET" name="Simple Form Demo" finished-at="2020-11-30T09:26:06 CET" duration-ms="17736">
      <class name="sEasyDemo.SE.singleInputFieldPageTest">
        <test-method is-config="true" signature="initialize()[pri:0, instance:sEasyDemo.SE.singleInputFieldPageTest@676cf48]" started-at="2020-11-30T09:25:49 CET" name="initialize" finished-at="2020-11-30T09:25:58 CET" duration-ms="9205" status="PASS">
          <reporter-output>
          </reporter-output>
        </test-method> <!-- initialize -->
        <test-method signature="getPage(java.lang.String)[pri:0, instance:sEasyDemo.SE.singleInputFieldPageTest@676cf48]" started-at="2020-11-30T09:25:58 CET" name="getPage" data-provider="data" finished-at="2020-11-30T09:26:02 CET" duration-ms="3644" status="PASS">
          <params>
            <param index="0">
              <value>
                <![CDATA[Hello world!]]>
              </value>
            </param>
          </params>
          <reporter-output>
          </reporter-output>
        </test-method> <!-- getPage -->
        <test-method is-config="true" signature="tearDown()[pri:0, instance:sEasyDemo.SE.singleInputFieldPageTest@676cf48]" started-at="2020-11-30T09:26:02 CET" name="tearDown" finished-at="2020-11-30T09:26:06 CET" duration-ms="4858" status="PASS">
          <reporter-output>
          </reporter-output>
        </test-method> <!-- tearDown -->
      </class> <!-- sEasyDemo.SE.singleInputFieldPageTest -->
    </test> <!-- Simple Form Demo -->
  </suite> <!-- Suite -->
</testng-results>
